<?xml version="1.0" encoding="UTF-8"?>
<!-- Generated by org.testng.reporters.JUnitReportReporter -->
<testsuite hostname="DESKTOP-3SNRJKF" failures="0" tests="1" name="AirlinesTest" time="4.597" errors="0" timestamp="2022-12-30T17:05:38 IST" skipped="0">
  <testcase classname="AirlinesTest" name="createAirlines" time="4.597"/>
  <system-out/>
</testsuite> <!-- AirlinesTest -->
